[INFO ] 2019-03-29 19:02:49 [main] c.x.s.Sboot03LoggingApplication - Starting Sboot03LoggingApplication on Dell-PC with PID 8364 (F:\JavaProjects\spring_boot_study\sboot-03-logging\target\classes started by Dell in F:\JavaProjects\spring_boot_study\sboot-03-logging)
[INFO ] 2019-03-29 19:02:49 [main] c.x.s.Sboot03LoggingApplication - No active profile set, falling back to default profiles: default
[INFO ] 2019-03-29 19:02:49 [main] o.s.b.c.e.AnnotationConfigEmbeddedWebApplicationContext - Refreshing org.springframework.boot.context.embedded.AnnotationConfigEmbeddedWebApplicationContext@6b419da: startup date [Fri Mar 29 19:02:49 CST 2019]; root of context hierarchy
[INFO ] 2019-03-29 19:02:49 [background-preinit] o.h.validator.internal.util.Version - HV000001: Hibernate Validator 5.3.6.Final
[INFO ] 2019-03-29 19:02:49 [main] o.s.b.c.e.t.TomcatEmbeddedServletContainer - Tomcat initialized with port(s): 8080 (http)
[INFO ] 2019-03-29 19:02:49 [main] o.a.coyote.http11.Http11NioProtocol - Initializing ProtocolHandler ["http-nio-8080"]
[INFO ] 2019-03-29 19:02:49 [main] o.a.catalina.core.StandardService - Starting service [Tomcat]
[INFO ] 2019-03-29 19:02:49 [main] o.a.catalina.core.StandardEngine - Starting Servlet Engine: Apache Tomcat/8.5.37
[INFO ] 2019-03-29 19:02:49 [localhost-startStop-1] o.a.c.c.C.[Tomcat].[localhost].[/] - Initializing Spring embedded WebApplicationContext
[INFO ] 2019-03-29 19:02:49 [localhost-startStop-1] o.s.web.context.ContextLoader - Root WebApplicationContext: initialization completed in 842 ms
[INFO ] 2019-03-29 19:02:49 [localhost-startStop-1] o.s.b.w.s.ServletRegistrationBean - Mapping servlet: 'dispatcherServlet' to [/]
[INFO ] 2019-03-29 19:02:49 [localhost-startStop-1] o.s.b.w.s.FilterRegistrationBean - Mapping filter: 'characterEncodingFilter' to: [/*]
[INFO ] 2019-03-29 19:02:49 [localhost-startStop-1] o.s.b.w.s.FilterRegistrationBean - Mapping filter: 'hiddenHttpMethodFilter' to: [/*]
[INFO ] 2019-03-29 19:02:49 [localhost-startStop-1] o.s.b.w.s.FilterRegistrationBean - Mapping filter: 'httpPutFormContentFilter' to: [/*]
[INFO ] 2019-03-29 19:02:49 [localhost-startStop-1] o.s.b.w.s.FilterRegistrationBean - Mapping filter: 'requestContextFilter' to: [/*]
[INFO ] 2019-03-29 19:02:49 [main] o.s.w.s.m.m.a.RequestMappingHandlerAdapter - Looking for @ControllerAdvice: org.springframework.boot.context.embedded.AnnotationConfigEmbeddedWebApplicationContext@6b419da: startup date [Fri Mar 29 19:02:49 CST 2019]; root of context hierarchy
[INFO ] 2019-03-29 19:02:49 [main] o.s.w.s.m.m.a.RequestMappingHandlerMapping - Mapped "{[/error]}" onto public org.springframework.http.ResponseEntity<java.util.Map<java.lang.String, java.lang.Object>> org.springframework.boot.autoconfigure.web.BasicErrorController.error(javax.servlet.http.HttpServletRequest)
[INFO ] 2019-03-29 19:02:49 [main] o.s.w.s.m.m.a.RequestMappingHandlerMapping - Mapped "{[/error],produces=[text/html]}" onto public org.springframework.web.servlet.ModelAndView org.springframework.boot.autoconfigure.web.BasicErrorController.errorHtml(javax.servlet.http.HttpServletRequest,javax.servlet.http.HttpServletResponse)
[INFO ] 2019-03-29 19:02:49 [main] o.s.w.s.h.SimpleUrlHandlerMapping - Mapped URL path [/webjars/**] onto handler of type [class org.springframework.web.servlet.resource.ResourceHttpRequestHandler]
[INFO ] 2019-03-29 19:02:49 [main] o.s.w.s.h.SimpleUrlHandlerMapping - Mapped URL path [/**] onto handler of type [class org.springframework.web.servlet.resource.ResourceHttpRequestHandler]
[INFO ] 2019-03-29 19:02:49 [main] o.s.w.s.h.SimpleUrlHandlerMapping - Mapped URL path [/**/favicon.ico] onto handler of type [class org.springframework.web.servlet.resource.ResourceHttpRequestHandler]
[INFO ] 2019-03-29 19:02:49 [main] o.s.j.e.a.AnnotationMBeanExporter - Registering beans for JMX exposure on startup
[INFO ] 2019-03-29 19:02:49 [main] o.a.coyote.http11.Http11NioProtocol - Starting ProtocolHandler ["http-nio-8080"]
[INFO ] 2019-03-29 19:02:49 [main] o.a.tomcat.util.net.NioSelectorPool - Using a shared selector for servlet write/read
[INFO ] 2019-03-29 19:02:49 [main] o.s.b.c.e.t.TomcatEmbeddedServletContainer - Tomcat started on port(s): 8080 (http)
[INFO ] 2019-03-29 19:02:49 [main] c.x.s.Sboot03LoggingApplication - Started Sboot03LoggingApplication in 1.552 seconds (JVM running for 2.295)
[INFO ] 2019-03-29 19:10:15 [main] c.x.s.Sboot03LoggingApplication - Starting Sboot03LoggingApplication on Dell-PC with PID 3464 (F:\JavaProjects\spring_boot_study\sboot-03-logging\target\classes started by Dell in F:\JavaProjects\spring_boot_study\sboot-03-logging)
[INFO ] 2019-03-29 19:10:15 [main] c.x.s.Sboot03LoggingApplication - No active profile set, falling back to default profiles: default
[INFO ] 2019-03-29 19:10:15 [main] o.s.b.c.e.AnnotationConfigEmbeddedWebApplicationContext - Refreshing org.springframework.boot.context.embedded.AnnotationConfigEmbeddedWebApplicationContext@6b419da: startup date [Fri Mar 29 19:10:15 CST 2019]; root of context hierarchy
[INFO ] 2019-03-29 19:10:15 [background-preinit] o.h.validator.internal.util.Version - HV000001: Hibernate Validator 5.3.6.Final
[INFO ] 2019-03-29 19:10:15 [main] o.s.b.c.e.t.TomcatEmbeddedServletContainer - Tomcat initialized with port(s): 8080 (http)
[INFO ] 2019-03-29 19:10:15 [main] o.a.coyote.http11.Http11NioProtocol - Initializing ProtocolHandler ["http-nio-8080"]
[INFO ] 2019-03-29 19:10:15 [main] o.a.catalina.core.StandardService - Starting service [Tomcat]
[INFO ] 2019-03-29 19:10:15 [main] o.a.catalina.core.StandardEngine - Starting Servlet Engine: Apache Tomcat/8.5.37
[INFO ] 2019-03-29 19:10:15 [localhost-startStop-1] o.a.c.c.C.[Tomcat].[localhost].[/] - Initializing Spring embedded WebApplicationContext
[INFO ] 2019-03-29 19:10:15 [localhost-startStop-1] o.s.web.context.ContextLoader - Root WebApplicationContext: initialization completed in 834 ms
[INFO ] 2019-03-29 19:10:15 [localhost-startStop-1] o.s.b.w.s.ServletRegistrationBean - Mapping servlet: 'dispatcherServlet' to [/]
[INFO ] 2019-03-29 19:10:15 [localhost-startStop-1] o.s.b.w.s.FilterRegistrationBean - Mapping filter: 'characterEncodingFilter' to: [/*]
[INFO ] 2019-03-29 19:10:15 [localhost-startStop-1] o.s.b.w.s.FilterRegistrationBean - Mapping filter: 'hiddenHttpMethodFilter' to: [/*]
[INFO ] 2019-03-29 19:10:15 [localhost-startStop-1] o.s.b.w.s.FilterRegistrationBean - Mapping filter: 'httpPutFormContentFilter' to: [/*]
[INFO ] 2019-03-29 19:10:15 [localhost-startStop-1] o.s.b.w.s.FilterRegistrationBean - Mapping filter: 'requestContextFilter' to: [/*]
[INFO ] 2019-03-29 19:10:15 [main] o.s.w.s.m.m.a.RequestMappingHandlerAdapter - Looking for @ControllerAdvice: org.springframework.boot.context.embedded.AnnotationConfigEmbeddedWebApplicationContext@6b419da: startup date [Fri Mar 29 19:10:15 CST 2019]; root of context hierarchy
[INFO ] 2019-03-29 19:10:15 [main] o.s.w.s.m.m.a.RequestMappingHandlerMapping - Mapped "{[/error]}" onto public org.springframework.http.ResponseEntity<java.util.Map<java.lang.String, java.lang.Object>> org.springframework.boot.autoconfigure.web.BasicErrorController.error(javax.servlet.http.HttpServletRequest)
[INFO ] 2019-03-29 19:10:15 [main] o.s.w.s.m.m.a.RequestMappingHandlerMapping - Mapped "{[/error],produces=[text/html]}" onto public org.springframework.web.servlet.ModelAndView org.springframework.boot.autoconfigure.web.BasicErrorController.errorHtml(javax.servlet.http.HttpServletRequest,javax.servlet.http.HttpServletResponse)
[INFO ] 2019-03-29 19:10:15 [main] o.s.w.s.h.SimpleUrlHandlerMapping - Mapped URL path [/webjars/**] onto handler of type [class org.springframework.web.servlet.resource.ResourceHttpRequestHandler]
[INFO ] 2019-03-29 19:10:15 [main] o.s.w.s.h.SimpleUrlHandlerMapping - Mapped URL path [/**] onto handler of type [class org.springframework.web.servlet.resource.ResourceHttpRequestHandler]
[INFO ] 2019-03-29 19:10:15 [main] o.s.w.s.h.SimpleUrlHandlerMapping - Mapped URL path [/**/favicon.ico] onto handler of type [class org.springframework.web.servlet.resource.ResourceHttpRequestHandler]
[INFO ] 2019-03-29 19:10:15 [main] o.s.j.e.a.AnnotationMBeanExporter - Registering beans for JMX exposure on startup
[INFO ] 2019-03-29 19:10:15 [main] o.a.coyote.http11.Http11NioProtocol - Starting ProtocolHandler ["http-nio-8080"]
[INFO ] 2019-03-29 19:10:15 [main] o.a.tomcat.util.net.NioSelectorPool - Using a shared selector for servlet write/read
[INFO ] 2019-03-29 19:10:15 [main] o.s.b.c.e.t.TomcatEmbeddedServletContainer - Tomcat started on port(s): 8080 (http)
[INFO ] 2019-03-29 19:10:15 [main] c.x.s.Sboot03LoggingApplication - Started Sboot03LoggingApplication in 1.51 seconds (JVM running for 2.179)
