2019-04-14 ======= [main] ====== INFO  ====== com.xiaohulu.sboot03.Sboot03LoggingApplication ======== Starting Sboot03LoggingApplication on Dell-PC with PID 6064 (F:\JavaProjects\spring_boot_study\sboot-03-logging\target\classes started by Dell in F:\JavaProjects\spring_boot_study\sboot-03-logging)
2019-04-14 ======= [main] ====== INFO  ====== com.xiaohulu.sboot03.Sboot03LoggingApplication ======== No active profile set, falling back to default profiles: default
2019-04-14 ======= [main] ====== INFO  ====== o.s.b.c.e.AnnotationConfigEmbeddedWebApplicationContext ======== Refreshing org.springframework.boot.context.embedded.AnnotationConfigEmbeddedWebApplicationContext@4148db48: startup date [Sun Apr 14 18:22:03 CST 2019]; root of context hierarchy
2019-04-14 ======= [main] ====== INFO  ====== o.s.b.c.e.tomcat.TomcatEmbeddedServletContainer ======== Tomcat initialized with port(s): 8080 (http)
2019-04-14 ======= [main] ====== INFO  ====== org.apache.catalina.core.StandardService ======== Starting service [Tomcat]
2019-04-14 ======= [main] ====== INFO  ====== org.apache.catalina.core.StandardEngine ======== Starting Servlet Engine: Apache Tomcat/8.5.37
2019-04-14 ======= [localhost-startStop-1] ====== INFO  ====== o.a.c.core.ContainerBase.[Tomcat].[localhost].[/] ======== Initializing Spring embedded WebApplicationContext
2019-04-14 ======= [localhost-startStop-1] ====== INFO  ====== org.springframework.web.context.ContextLoader ======== Root WebApplicationContext: initialization completed in 737 ms
2019-04-14 ======= [localhost-startStop-1] ====== INFO  ====== o.s.boot.web.servlet.ServletRegistrationBean ======== Mapping servlet: 'dispatcherServlet' to [/]
2019-04-14 ======= [localhost-startStop-1] ====== INFO  ====== o.s.boot.web.servlet.FilterRegistrationBean ======== Mapping filter: 'characterEncodingFilter' to: [/*]
2019-04-14 ======= [localhost-startStop-1] ====== INFO  ====== o.s.boot.web.servlet.FilterRegistrationBean ======== Mapping filter: 'hiddenHttpMethodFilter' to: [/*]
2019-04-14 ======= [localhost-startStop-1] ====== INFO  ====== o.s.boot.web.servlet.FilterRegistrationBean ======== Mapping filter: 'httpPutFormContentFilter' to: [/*]
2019-04-14 ======= [localhost-startStop-1] ====== INFO  ====== o.s.boot.web.servlet.FilterRegistrationBean ======== Mapping filter: 'requestContextFilter' to: [/*]
2019-04-14 ======= [main] ====== INFO  ====== o.s.w.s.m.m.a.RequestMappingHandlerAdapter ======== Looking for @ControllerAdvice: org.springframework.boot.context.embedded.AnnotationConfigEmbeddedWebApplicationContext@4148db48: startup date [Sun Apr 14 18:22:03 CST 2019]; root of context hierarchy
2019-04-14 ======= [main] ====== INFO  ====== o.s.w.s.m.m.a.RequestMappingHandlerMapping ======== Mapped "{[/error]}" onto public org.springframework.http.ResponseEntity<java.util.Map<java.lang.String, java.lang.Object>> org.springframework.boot.autoconfigure.web.BasicErrorController.error(javax.servlet.http.HttpServletRequest)
2019-04-14 ======= [main] ====== INFO  ====== o.s.w.s.m.m.a.RequestMappingHandlerMapping ======== Mapped "{[/error],produces=[text/html]}" onto public org.springframework.web.servlet.ModelAndView org.springframework.boot.autoconfigure.web.BasicErrorController.errorHtml(javax.servlet.http.HttpServletRequest,javax.servlet.http.HttpServletResponse)
2019-04-14 ======= [main] ====== INFO  ====== o.s.web.servlet.handler.SimpleUrlHandlerMapping ======== Mapped URL path [/webjars/**] onto handler of type [class org.springframework.web.servlet.resource.ResourceHttpRequestHandler]
2019-04-14 ======= [main] ====== INFO  ====== o.s.web.servlet.handler.SimpleUrlHandlerMapping ======== Mapped URL path [/**] onto handler of type [class org.springframework.web.servlet.resource.ResourceHttpRequestHandler]
2019-04-14 ======= [main] ====== INFO  ====== o.s.web.servlet.handler.SimpleUrlHandlerMapping ======== Mapped URL path [/**/favicon.ico] onto handler of type [class org.springframework.web.servlet.resource.ResourceHttpRequestHandler]
2019-04-14 ======= [main] ====== INFO  ====== o.s.jmx.export.annotation.AnnotationMBeanExporter ======== Registering beans for JMX exposure on startup
2019-04-14 ======= [main] ====== INFO  ====== o.s.b.c.e.tomcat.TomcatEmbeddedServletContainer ======== Tomcat started on port(s): 8080 (http)
2019-04-14 ======= [main] ====== INFO  ====== com.xiaohulu.sboot03.Sboot03LoggingApplication ======== Started Sboot03LoggingApplication in 1.42 seconds (JVM running for 1.962)
